<?xml version="1.0" encoding="UTF-8"?>
<!-- Generated by org.testng.reporters.JUnitXMLReporter -->
<testsuite ignored="0" hostname="DESKTOP-HJFMQ82" failures="0" tests="10" name="Default test" time="85.451" errors="0" timestamp="2025-05-08T05:11:58 PDT">
  <testcase classname="com.vodafone.test.LoginTest" name="invalidloginTest" time="2.622"/>
  <testcase classname="com.vodafone.test.LoginTest" name="invalidloginTest" time="2.032"/>
  <testcase classname="com.vodafone.test.LoginTest" name="invalidloginTest" time="2.071"/>
  <testcase classname="com.vodafone.test.LoginTest" name="invalidloginTest" time="2.199"/>
  <testcase classname="com.vodafone.test.LoginTest" name="invalidloginTest" time="3.245"/>
  <testcase classname="com.vodafone.test.LoginTest" name="invalidloginTest" time="2.142"/>
  <testcase classname="com.vodafone.test.LoginTest" name="invalidloginTest" time="2.159"/>
  <testcase classname="com.vodafone.test.LoginTest" name="invalidloginTest" time="2.107"/>
  <testcase classname="com.vodafone.test.LoginTest" name="invalidloginTest" time="2.935"/>
  <testcase classname="com.vodafone.test.LoginTest" name="validloginTest" time="2.984"/>
</testsuite> <!-- Default test -->
